{"logTime": "1008/191645", "correlationVector":"5GXuM4PrXW8eHsTvS1FyTm.0","action":"FeedSettingFetch_homeCloud", "result":"0", "context":{}}
{"logTime": "1008/191647", "correlationVector":"/YSdgq41CYfQul6cWMSXYY.1","action":"SyncServerConnectionManagerRequest", "result":"SYNC_SERVER_OK", "context":{"environment":"48F630A6-CB1B-4CC7-86AF-0F6627234B58|113", "server":"BN3PEPF00001C3D"}}
{"logTime": "1008/191648", "correlationVector":"/YSdgq41CYfQul6cWMSXYY.2","action":"AAD.Mip.Unpack", "result":"Success", "context":MIP_CLOUD_COMMERCIAL:Success}
{"logTime": "1008/191648", "correlationVector":"/YSdgq41CYfQul6cWMSXYY.3","action":"AAD.GetKeyResponse", "result":"Success", "context":Keys=1.LastKeyStatus=Normal. 2021-08-19 08:57:23 -04.State=None}
{"logTime": "1008/191648", "correlationVector":"/YSdgq41CYfQul6cWMSXYY","action":"Initial GetUpdates", "result":""}
{"logTime": "1008/191648", "correlationVector":"/YSdgq41CYfQul6cWMSXYY.4","action":"GetUpdates Response", "result":"SYNCER_OK"}
{"logTime": "1008/191648", "correlationVector":"zN0V76beZ/ibIAlXfA0Qyy","action":"Initial GetUpdates", "result":""}
{"logTime": "1008/191649", "correlationVector":"zN0V76beZ/ibIAlXfA0Qyy.1","action":"SyncServerConnectionManagerRequest", "result":"SYNC_SERVER_OK", "context":{"environment":"48F630A6-CB1B-4CC7-86AF-0F6627234B58|113", "server":"BN3PEPF00001C3D"}}
{"logTime": "1008/191649", "correlationVector":"zN0V76beZ/ibIAlXfA0Qyy.2","action":"GetUpdates Response", "result":"SYNCER_OK"}
{"logTime": "1008/191649", "correlationVector":"q4BbCOqNgClh67B7gREYXR","action":"Normal GetUpdate request", "result":""}
{"logTime": "1008/191649", "correlationVector":"q4BbCOqNgClh67B7gREYXR.1","action":"SyncServerConnectionManagerRequest", "result":"SYNC_SERVER_OK", "context":{"environment":"48F630A6-CB1B-4CC7-86AF-0F6627234B58|113", "server":"BN3PEPF00001C3D"}}
{"logTime": "1008/191649", "correlationVector":"q4BbCOqNgClh67B7gREYXR.2","action":"GetUpdates Response", "result":"SYNCER_OK"}
{"logTime": "1008/191649", "correlationVector":"CFR09frO6oRxHToEDHISh6","action":"Commit Request", "result":""}
{"logTime": "1008/191650", "correlationVector":"CFR09frO6oRxHToEDHISh6.1","action":"SyncServerConnectionManagerRequest", "result":"SYNC_SERVER_OK", "context":{"environment":"48F630A6-CB1B-4CC7-86AF-0F6627234B58|113", "server":"BN3PEPF00001C3D"}}
{"logTime": "1008/191650", "correlationVector":"CFR09frO6oRxHToEDHISh6.2","action":"Commit Response", "result":"SYNCER_OK"}
{"logTime": "1008/191833", "correlationVector":"s9YrZjAHwKy9zSGTl++BfG.0","action":"FeedSettingFetch_homeCloud", "result":"0", "context":{}}
{"logTime": "1008/191835", "correlationVector":"lxhYhwbO0naLpHNRZ4RpOt.1","action":"SyncServerConnectionManagerRequest", "result":"SYNC_SERVER_OK", "context":{"environment":"48F630A6-CB1B-4CC7-86AF-0F6627234B58|113", "server":"BN3PEPF00002801"}}
{"logTime": "1008/191836", "correlationVector":"lxhYhwbO0naLpHNRZ4RpOt.2","action":"AAD.Mip.Unpack", "result":"Success", "context":MIP_CLOUD_COMMERCIAL:Success}
{"logTime": "1008/191836", "correlationVector":"lxhYhwbO0naLpHNRZ4RpOt.3","action":"AAD.GetKeyResponse", "result":"Success", "context":Keys=1.LastKeyStatus=Normal. 2021-08-19 08:57:23 -04.State=None}
{"logTime": "1008/191836", "correlationVector":"lxhYhwbO0naLpHNRZ4RpOt","action":"Initial GetUpdates", "result":""}
{"logTime": "1008/191836", "correlationVector":"lxhYhwbO0naLpHNRZ4RpOt.4","action":"GetUpdates Response", "result":"SYNCER_OK"}
{"logTime": "1008/191836", "correlationVector":"Zt0RyoTtoTeNWEzF858CXx","action":"Normal GetUpdate request", "result":""}
{"logTime": "1008/191836", "correlationVector":"Zt0RyoTtoTeNWEzF858CXx.1","action":"SyncServerConnectionManagerRequest", "result":"SYNC_SERVER_OK", "context":{"environment":"48F630A6-CB1B-4CC7-86AF-0F6627234B58|113", "server":"BN3PEPF00002801"}}
{"logTime": "1008/191836", "correlationVector":"Zt0RyoTtoTeNWEzF858CXx.2","action":"GetUpdates Response", "result":"SYNCER_OK"}
{"logTime": "1011/124104", "correlationVector":"kClW05MqNxEwFr22tZbEhx.0","action":"FeedSettingFetch_homeCloud", "result":"0", "context":{}}
{"logTime": "1011/124106", "correlationVector":"HJ4Ot1oPW3N1xJY3mudWNR.1","action":"SyncServerConnectionManagerRequest", "result":"SYNC_SERVER_OK", "context":{"environment":"48F630A6-CB1B-4CC7-86AF-0F6627234B58|113", "server":"BN3PEPF00001C3A"}}
{"logTime": "1011/124107", "correlationVector":"HJ4Ot1oPW3N1xJY3mudWNR.2","action":"AAD.Mip.Unpack", "result":"Success", "context":MIP_CLOUD_COMMERCIAL:Success}
{"logTime": "1011/124107", "correlationVector":"HJ4Ot1oPW3N1xJY3mudWNR.3","action":"AAD.GetKeyResponse", "result":"Success", "context":Keys=1.LastKeyStatus=Normal. 2021-08-19 08:57:23 -04.State=None}
{"logTime": "1011/124107", "correlationVector":"HJ4Ot1oPW3N1xJY3mudWNR","action":"Initial GetUpdates", "result":""}
{"logTime": "1011/124107", "correlationVector":"HJ4Ot1oPW3N1xJY3mudWNR.4","action":"GetUpdates Response", "result":"SYNCER_OK"}
{"logTime": "1011/124107", "correlationVector":"qtqaYvlDpcXAj/KiHa9Kj9","action":"Initial GetUpdates", "result":""}
{"logTime": "1011/124108", "correlationVector":"qtqaYvlDpcXAj/KiHa9Kj9.1","action":"SyncServerConnectionManagerRequest", "result":"SYNC_SERVER_OK", "context":{"environment":"48F630A6-CB1B-4CC7-86AF-0F6627234B58|113", "server":"BN3PEPF00001C3A"}}
{"logTime": "1011/124108", "correlationVector":"qtqaYvlDpcXAj/KiHa9Kj9.2","action":"GetUpdates Response", "result":"SYNCER_OK"}
{"logTime": "1011/124108", "correlationVector":"VJ9Fmv2BuPtT0l4ZH1fKer","action":"Normal GetUpdate request", "result":""}
{"logTime": "1011/124108", "correlationVector":"VJ9Fmv2BuPtT0l4ZH1fKer.1","action":"SyncServerConnectionManagerRequest", "result":"SYNC_SERVER_OK", "context":{"environment":"48F630A6-CB1B-4CC7-86AF-0F6627234B58|113", "server":"BN3PEPF00001C3A"}}
{"logTime": "1011/124108", "correlationVector":"VJ9Fmv2BuPtT0l4ZH1fKer.2","action":"GetUpdates Response", "result":"SYNCER_OK"}
{"logTime": "1011/124108", "correlationVector":"VfFNgj/OsY7V7ldsHAlcHj","action":"Commit Request", "result":""}
{"logTime": "1011/124109", "correlationVector":"VfFNgj/OsY7V7ldsHAlcHj.1","action":"SyncServerConnectionManagerRequest", "result":"SYNC_SERVER_OK", "context":{"environment":"48F630A6-CB1B-4CC7-86AF-0F6627234B58|113", "server":"BN3PEPF00001C3A"}}
{"logTime": "1011/124109", "correlationVector":"VfFNgj/OsY7V7ldsHAlcHj.2","action":"Commit Response", "result":"SYNCER_OK"}
{"logTime": "1011/124109", "correlationVector":"TxF1vP8hMEFrorXOZmlcVv","action":"Normal GetUpdate request", "result":""}
{"logTime": "1011/124109", "correlationVector":"TxF1vP8hMEFrorXOZmlcVv.1","action":"SyncServerConnectionManagerRequest", "result":"SYNC_SERVER_OK", "context":{"environment":"48F630A6-CB1B-4CC7-86AF-0F6627234B58|113", "server":"BN3PEPF00001C3A"}}
{"logTime": "1011/124109", "correlationVector":"TxF1vP8hMEFrorXOZmlcVv.2","action":"GetUpdates Response", "result":"SYNCER_OK"}
{"logTime": "1011/124519", "correlationVector":"q46PFSPnGXb7NPHKBdQawG.0","action":"FeedSettingFetch_homeCloud", "result":"0", "context":{}}
{"logTime": "1011/124521", "correlationVector":"msdXz9fs/BGogAe2o/1nFb.1","action":"SyncServerConnectionManagerRequest", "result":"SYNC_SERVER_OK", "context":{"environment":"48F630A6-CB1B-4CC7-86AF-0F6627234B58|113", "server":"BY3PEPF0000DADE"}}
{"logTime": "1011/124522", "correlationVector":"msdXz9fs/BGogAe2o/1nFb.2","action":"AAD.Mip.Unpack", "result":"Success", "context":MIP_CLOUD_COMMERCIAL:Success}
{"logTime": "1011/124522", "correlationVector":"msdXz9fs/BGogAe2o/1nFb.3","action":"AAD.GetKeyResponse", "result":"Success", "context":Keys=1.LastKeyStatus=Normal. 2021-08-19 08:57:23 -04.State=None}
{"logTime": "1011/124522", "correlationVector":"msdXz9fs/BGogAe2o/1nFb","action":"Initial GetUpdates", "result":""}
{"logTime": "1011/124522", "correlationVector":"msdXz9fs/BGogAe2o/1nFb.4","action":"GetUpdates Response", "result":"SYNCER_OK"}
{"logTime": "1011/124522", "correlationVector":"TB0FETWrXHuScxUFaqT/4z","action":"Initial GetUpdates", "result":""}
{"logTime": "1011/124523", "correlationVector":"TB0FETWrXHuScxUFaqT/4z.1","action":"SyncServerConnectionManagerRequest", "result":"SYNC_SERVER_OK", "context":{"environment":"48F630A6-CB1B-4CC7-86AF-0F6627234B58|113", "server":"BY3PEPF0000DADE"}}
{"logTime": "1011/124523", "correlationVector":"TB0FETWrXHuScxUFaqT/4z.2","action":"GetUpdates Response", "result":"SYNCER_OK"}
{"logTime": "1011/124523", "correlationVector":"THfyKQFOyms9uSzLgBt8ay","action":"Normal GetUpdate request", "result":""}
{"logTime": "1011/124523", "correlationVector":"THfyKQFOyms9uSzLgBt8ay.1","action":"SyncServerConnectionManagerRequest", "result":"SYNC_SERVER_OK", "context":{"environment":"48F630A6-CB1B-4CC7-86AF-0F6627234B58|113", "server":"BY3PEPF0000DADE"}}
{"logTime": "1011/124523", "correlationVector":"THfyKQFOyms9uSzLgBt8ay.2","action":"GetUpdates Response", "result":"SYNCER_OK"}
{"logTime": "1011/124523", "correlationVector":"0unlOuxu2F2SqbSIa60TqT","action":"Commit Request", "result":""}
{"logTime": "1011/124523", "correlationVector":"0unlOuxu2F2SqbSIa60TqT.1","action":"SyncServerConnectionManagerRequest", "result":"SYNC_SERVER_OK", "context":{"environment":"48F630A6-CB1B-4CC7-86AF-0F6627234B58|113", "server":"BY3PEPF0000DADE"}}
{"logTime": "1011/124523", "correlationVector":"0unlOuxu2F2SqbSIa60TqT.2","action":"Commit Response", "result":"SYNCER_OK"}
{"logTime": "1011/124524", "correlationVector":"fXjMUyAanRlBifMwQhPXBr","action":"Normal GetUpdate request", "result":""}
{"logTime": "1011/124524", "correlationVector":"fXjMUyAanRlBifMwQhPXBr.1","action":"SyncServerConnectionManagerRequest", "result":"SYNC_SERVER_OK", "context":{"environment":"48F630A6-CB1B-4CC7-86AF-0F6627234B58|113", "server":"BY3PEPF00008E4D"}}
{"logTime": "1011/124524", "correlationVector":"fXjMUyAanRlBifMwQhPXBr.2","action":"GetUpdates Response", "result":"SYNCER_OK"}
{"logTime": "1011/190738", "correlationVector":"LuwmSrHgrI/BOvZROUo/Oa.0","action":"FeedSettingFetch_homeCloud", "result":"0", "context":{}}
{"logTime": "1011/190740", "correlationVector":"ukYGTeH+ehfSMDqHyii+ZW.1","action":"SyncServerConnectionManagerRequest", "result":"SYNC_SERVER_OK", "context":{"environment":"48F630A6-CB1B-4CC7-86AF-0F6627234B58|113", "server":"BY3PEPF00008E43"}}
{"logTime": "1011/190744", "correlationVector":"ukYGTeH+ehfSMDqHyii+ZW.2","action":"AAD.Mip.Unpack", "result":"Success", "context":MIP_CLOUD_COMMERCIAL:Success}
{"logTime": "1011/190744", "correlationVector":"ukYGTeH+ehfSMDqHyii+ZW.3","action":"AAD.GetKeyResponse", "result":"Success", "context":Keys=1.LastKeyStatus=Normal. 2021-08-19 08:57:23 -04.State=None}
{"logTime": "1011/190744", "correlationVector":"ukYGTeH+ehfSMDqHyii+ZW","action":"Initial GetUpdates", "result":""}
{"logTime": "1011/190744", "correlationVector":"ukYGTeH+ehfSMDqHyii+ZW.4","action":"GetUpdates Response", "result":"SYNCER_OK"}
{"logTime": "1011/190744", "correlationVector":"Hnd+vT6jskBLEh7alk8Kxs","action":"Normal GetUpdate request", "result":""}
{"logTime": "1011/190745", "correlationVector":"Hnd+vT6jskBLEh7alk8Kxs.1","action":"SyncServerConnectionManagerRequest", "result":"SYNC_SERVER_OK", "context":{"environment":"48F630A6-CB1B-4CC7-86AF-0F6627234B58|113", "server":"BY3PEPF0000DAE5"}}
{"logTime": "1011/190745", "correlationVector":"Hnd+vT6jskBLEh7alk8Kxs.2","action":"GetUpdates Response", "result":"SYNCER_OK"}
{"logTime": "1011/200107", "correlationVector":"Y6OMoqfpFvB+aOnKdEO8yD.0","action":"FeedSettingFetch_homeCloud", "result":"0", "context":{}}
{"logTime": "1011/200109", "correlationVector":"+zs8YMn8gPdGBoKB/ROI+6.1","action":"SyncServerConnectionManagerRequest", "result":"SYNC_SERVER_OK", "context":{"environment":"48F630A6-CB1B-4CC7-86AF-0F6627234B58|113", "server":"BY3PEPF00008E57"}}
{"logTime": "1011/200110", "correlationVector":"+zs8YMn8gPdGBoKB/ROI+6.2","action":"AAD.Mip.Unpack", "result":"Success", "context":MIP_CLOUD_COMMERCIAL:Success}
{"logTime": "1011/200110", "correlationVector":"+zs8YMn8gPdGBoKB/ROI+6.3","action":"AAD.GetKeyResponse", "result":"Success", "context":Keys=1.LastKeyStatus=Normal. 2021-08-19 08:57:23 -04.State=None}
{"logTime": "1011/200110", "correlationVector":"+zs8YMn8gPdGBoKB/ROI+6","action":"Initial GetUpdates", "result":""}
{"logTime": "1011/200110", "correlationVector":"+zs8YMn8gPdGBoKB/ROI+6.4","action":"GetUpdates Response", "result":"SYNCER_OK"}
{"logTime": "1011/200110", "correlationVector":"hE+Ex5S03nOnnAyIDK47G5","action":"Initial GetUpdates", "result":""}
{"logTime": "1011/200111", "correlationVector":"hE+Ex5S03nOnnAyIDK47G5.1","action":"SyncServerConnectionManagerRequest", "result":"SYNC_SERVER_OK", "context":{"environment":"48F630A6-CB1B-4CC7-86AF-0F6627234B58|113", "server":"BY3PEPF00008E57"}}
{"logTime": "1011/200111", "correlationVector":"hE+Ex5S03nOnnAyIDK47G5.2","action":"GetUpdates Response", "result":"SYNCER_OK"}
{"logTime": "1011/200111", "correlationVector":"aLuMRB47KuM17kN8QwTeuo","action":"Normal GetUpdate request", "result":""}
{"logTime": "1011/200111", "correlationVector":"aLuMRB47KuM17kN8QwTeuo.1","action":"SyncServerConnectionManagerRequest", "result":"SYNC_SERVER_OK", "context":{"environment":"48F630A6-CB1B-4CC7-86AF-0F6627234B58|113", "server":"BY3PEPF00008E57"}}
{"logTime": "1011/200111", "correlationVector":"aLuMRB47KuM17kN8QwTeuo.2","action":"GetUpdates Response", "result":"SYNCER_OK"}
{"logTime": "1011/200111", "correlationVector":"NWiA9WN2qRVcCYBkrQAPn/","action":"Commit Request", "result":""}
{"logTime": "1011/200112", "correlationVector":"NWiA9WN2qRVcCYBkrQAPn/.1","action":"SyncServerConnectionManagerRequest", "result":"SYNC_SERVER_OK", "context":{"environment":"48F630A6-CB1B-4CC7-86AF-0F6627234B58|113", "server":"BY3PEPF00008E57"}}
{"logTime": "1011/200112", "correlationVector":"NWiA9WN2qRVcCYBkrQAPn/.2","action":"Commit Response", "result":"SYNCER_OK"}
{"logTime": "1011/200112", "correlationVector":"qJUjykf7gGJcJl/6A6zAnp","action":"Normal GetUpdate request", "result":""}
{"logTime": "1011/200112", "correlationVector":"qJUjykf7gGJcJl/6A6zAnp.1","action":"SyncServerConnectionManagerRequest", "result":"SYNC_SERVER_OK", "context":{"environment":"48F630A6-CB1B-4CC7-86AF-0F6627234B58|113", "server":"BY3PEPF00008E57"}}
{"logTime": "1011/200112", "correlationVector":"qJUjykf7gGJcJl/6A6zAnp.2","action":"GetUpdates Response", "result":"SYNCER_OK"}
{"logTime": "1011/200327", "correlationVector":"3SfXM5k/aIfGsewfOvWlUO.0","action":"FeedSettingFetch_homeCloud", "result":"0", "context":{}}
{"logTime": "1011/200329", "correlationVector":"mXIzVSUeYQhAYJIwQ2pYYt.1","action":"SyncServerConnectionManagerRequest", "result":"SYNC_SERVER_OK", "context":{"environment":"48F630A6-CB1B-4CC7-86AF-0F6627234B58|113", "server":"BN3PEPF00001C3B"}}
{"logTime": "1011/200330", "correlationVector":"mXIzVSUeYQhAYJIwQ2pYYt.2","action":"AAD.Mip.Unpack", "result":"Success", "context":MIP_CLOUD_COMMERCIAL:Success}
{"logTime": "1011/200330", "correlationVector":"mXIzVSUeYQhAYJIwQ2pYYt.3","action":"AAD.GetKeyResponse", "result":"Success", "context":Keys=1.LastKeyStatus=Normal. 2021-08-19 08:57:23 -04.State=None}
{"logTime": "1011/200330", "correlationVector":"mXIzVSUeYQhAYJIwQ2pYYt","action":"Initial GetUpdates", "result":""}
{"logTime": "1011/200330", "correlationVector":"mXIzVSUeYQhAYJIwQ2pYYt.4","action":"GetUpdates Response", "result":"SYNCER_OK"}
{"logTime": "1011/200330", "correlationVector":"JIdxEqda6Dqxj1iJcNd9g5","action":"Normal GetUpdate request", "result":""}
{"logTime": "1011/200330", "correlationVector":"JIdxEqda6Dqxj1iJcNd9g5.1","action":"SyncServerConnectionManagerRequest", "result":"SYNC_SERVER_OK", "context":{"environment":"48F630A6-CB1B-4CC7-86AF-0F6627234B58|113", "server":"BN3PEPF00001C3B"}}
{"logTime": "1011/200330", "correlationVector":"JIdxEqda6Dqxj1iJcNd9g5.2","action":"GetUpdates Response", "result":"SYNCER_OK"}
{"logTime": "1011/201601", "correlationVector":"I4CH9yiEF7J+bIzuNxffsa.0","action":"FeedSettingFetch_homeCloud", "result":"0", "context":{}}
{"logTime": "1011/201603", "correlationVector":"/CNO5JE4x27TnkkjfOc9sU.1","action":"SyncServerConnectionManagerRequest", "result":"SYNC_SERVER_OK", "context":{"environment":"48F630A6-CB1B-4CC7-86AF-0F6627234B58|113", "server":"BY3PEPF00008E4E"}}
{"logTime": "1011/201604", "correlationVector":"/CNO5JE4x27TnkkjfOc9sU.2","action":"AAD.Mip.Unpack", "result":"Success", "context":MIP_CLOUD_COMMERCIAL:Success}
{"logTime": "1011/201604", "correlationVector":"/CNO5JE4x27TnkkjfOc9sU.3","action":"AAD.GetKeyResponse", "result":"Success", "context":Keys=1.LastKeyStatus=Normal. 2021-08-19 08:57:23 -04.State=None}
{"logTime": "1011/201604", "correlationVector":"/CNO5JE4x27TnkkjfOc9sU","action":"Initial GetUpdates", "result":""}
{"logTime": "1011/201604", "correlationVector":"/CNO5JE4x27TnkkjfOc9sU.4","action":"GetUpdates Response", "result":"SYNCER_OK"}
{"logTime": "1011/201604", "correlationVector":"X0Vu52LWf3Dh6n4MWY7g2D","action":"Initial GetUpdates", "result":""}
{"logTime": "1011/201604", "correlationVector":"X0Vu52LWf3Dh6n4MWY7g2D.1","action":"SyncServerConnectionManagerRequest", "result":"SYNC_SERVER_OK", "context":{"environment":"48F630A6-CB1B-4CC7-86AF-0F6627234B58|113", "server":"BY3PEPF00008E4E"}}
{"logTime": "1011/201604", "correlationVector":"X0Vu52LWf3Dh6n4MWY7g2D.2","action":"GetUpdates Response", "result":"SYNCER_OK"}
{"logTime": "1011/201604", "correlationVector":"kxvFbpROK0DdpS8YOQlrxF","action":"Normal GetUpdate request", "result":""}
{"logTime": "1011/201605", "correlationVector":"kxvFbpROK0DdpS8YOQlrxF.1","action":"SyncServerConnectionManagerRequest", "result":"SYNC_SERVER_OK", "context":{"environment":"48F630A6-CB1B-4CC7-86AF-0F6627234B58|113", "server":"BY3PEPF00008E4E"}}
{"logTime": "1011/201605", "correlationVector":"kxvFbpROK0DdpS8YOQlrxF.2","action":"GetUpdates Response", "result":"SYNCER_OK"}
{"logTime": "1011/201605", "correlationVector":"5V2AHoAALFEYrToLYBuVCa","action":"Commit Request", "result":""}
{"logTime": "1011/201605", "correlationVector":"5V2AHoAALFEYrToLYBuVCa.1","action":"SyncServerConnectionManagerRequest", "result":"SYNC_SERVER_OK", "context":{"environment":"48F630A6-CB1B-4CC7-86AF-0F6627234B58|113", "server":"BY3PEPF00008E4E"}}
{"logTime": "1011/201605", "correlationVector":"5V2AHoAALFEYrToLYBuVCa.2","action":"Commit Response", "result":"SYNCER_OK"}
{"logTime": "1011/201605", "correlationVector":"VsIdBzzh88nVk+9NEmvF+4","action":"Normal GetUpdate request", "result":""}
{"logTime": "1011/201605", "correlationVector":"VsIdBzzh88nVk+9NEmvF+4.1","action":"SyncServerConnectionManagerRequest", "result":"SYNC_SERVER_OK", "context":{"environment":"48F630A6-CB1B-4CC7-86AF-0F6627234B58|113", "server":"BY3PEPF00008E4E"}}
{"logTime": "1011/201605", "correlationVector":"VsIdBzzh88nVk+9NEmvF+4.2","action":"GetUpdates Response", "result":"SYNCER_OK"}
{"logTime": "1011/201736", "correlationVector":"GYuPnSZgA+d4UXaRdWW1jp.0","action":"FeedSettingFetch_homeCloud", "result":"0", "context":{}}
{"logTime": "1011/201738", "correlationVector":"xu3FUqo0MvsKuORVL3N4ik.1","action":"SyncServerConnectionManagerRequest", "result":"SYNC_SERVER_OK", "context":{"environment":"48F630A6-CB1B-4CC7-86AF-0F6627234B58|113", "server":"BN3PEPF00004283"}}
{"logTime": "1011/201739", "correlationVector":"xu3FUqo0MvsKuORVL3N4ik.2","action":"AAD.Mip.Unpack", "result":"Success", "context":MIP_CLOUD_COMMERCIAL:Success}
{"logTime": "1011/201739", "correlationVector":"xu3FUqo0MvsKuORVL3N4ik.3","action":"AAD.GetKeyResponse", "result":"Success", "context":Keys=1.LastKeyStatus=Normal. 2021-08-19 08:57:23 -04.State=None}
{"logTime": "1011/201739", "correlationVector":"xu3FUqo0MvsKuORVL3N4ik","action":"Initial GetUpdates", "result":""}
{"logTime": "1011/201739", "correlationVector":"xu3FUqo0MvsKuORVL3N4ik.4","action":"GetUpdates Response", "result":"SYNCER_OK"}
{"logTime": "1011/201739", "correlationVector":"7f0jBtE2c3coXas82tTpAO","action":"Initial GetUpdates", "result":""}
{"logTime": "1011/201740", "correlationVector":"7f0jBtE2c3coXas82tTpAO.1","action":"SyncServerConnectionManagerRequest", "result":"SYNC_SERVER_OK", "context":{"environment":"48F630A6-CB1B-4CC7-86AF-0F6627234B58|113", "server":"BN3PEPF00004283"}}
{"logTime": "1011/201740", "correlationVector":"7f0jBtE2c3coXas82tTpAO.2","action":"GetUpdates Response", "result":"SYNCER_OK"}
{"logTime": "1011/201740", "correlationVector":"tU9gRxfU8ehCEsou+CN4Lt","action":"Normal GetUpdate request", "result":""}
{"logTime": "1011/201740", "correlationVector":"tU9gRxfU8ehCEsou+CN4Lt.1","action":"SyncServerConnectionManagerRequest", "result":"SYNC_SERVER_OK", "context":{"environment":"48F630A6-CB1B-4CC7-86AF-0F6627234B58|113", "server":"BN3PEPF00004283"}}
{"logTime": "1011/201740", "correlationVector":"tU9gRxfU8ehCEsou+CN4Lt.2","action":"GetUpdates Response", "result":"SYNCER_OK"}
{"logTime": "1011/201740", "correlationVector":"e6XpqcyjNJhJ50fbKFVwpD","action":"Commit Request", "result":""}
{"logTime": "1011/201740", "correlationVector":"e6XpqcyjNJhJ50fbKFVwpD.1","action":"SyncServerConnectionManagerRequest", "result":"SYNC_SERVER_OK", "context":{"environment":"48F630A6-CB1B-4CC7-86AF-0F6627234B58|113", "server":"BN3PEPF00004283"}}
{"logTime": "1011/201740", "correlationVector":"e6XpqcyjNJhJ50fbKFVwpD.2","action":"Commit Response", "result":"SYNCER_OK"}
{"logTime": "1011/201740", "correlationVector":"WZPcOTbpVnB0wwUZbfT7rl","action":"Normal GetUpdate request", "result":""}
{"logTime": "1011/201741", "correlationVector":"WZPcOTbpVnB0wwUZbfT7rl.1","action":"SyncServerConnectionManagerRequest", "result":"SYNC_SERVER_OK", "context":{"environment":"48F630A6-CB1B-4CC7-86AF-0F6627234B58|113", "server":"BN3PEPF00004283"}}
{"logTime": "1011/201741", "correlationVector":"WZPcOTbpVnB0wwUZbfT7rl.2","action":"GetUpdates Response", "result":"SYNCER_OK"}
{"logTime": "1028/193406", "correlationVector":"nIk9+OcKqoC1acOoJPI1WF.0","action":"FeedSettingFetch_homeCloud", "result":"0", "context":{}}
{"logTime": "1028/193407", "correlationVector":"B2gNPdqJYFu46DtS8jhrn9.1","action":"SyncServerConnectionManagerRequest", "result":"SYNC_SERVER_OK", "context":{"environment":"48F630A6-CB1B-4CC7-86AF-0F6627234B58|113", "server":"BN3PEPF0000427F"}}
{"logTime": "1028/193411", "correlationVector":"B2gNPdqJYFu46DtS8jhrn9.2","action":"AAD.Mip.Unpack", "result":"Success", "context":MIP_CLOUD_COMMERCIAL:Success}
{"logTime": "1028/193411", "correlationVector":"B2gNPdqJYFu46DtS8jhrn9.3","action":"AAD.GetKeyResponse", "result":"Success", "context":Keys=1.LastKeyStatus=Normal. 2021-08-19 08:57:23 -04.State=None}
{"logTime": "1028/193411", "correlationVector":"B2gNPdqJYFu46DtS8jhrn9","action":"Initial GetUpdates", "result":""}
{"logTime": "1028/193411", "correlationVector":"B2gNPdqJYFu46DtS8jhrn9.4","action":"GetUpdates Response", "result":"SYNCER_OK"}
{"logTime": "1028/193411", "correlationVector":"UN8MT8/CJ4/vzjXmzIw28e","action":"Initial GetUpdates", "result":""}
{"logTime": "1028/193412", "correlationVector":"UN8MT8/CJ4/vzjXmzIw28e.1","action":"SyncServerConnectionManagerRequest", "result":"SYNC_SERVER_OK", "context":{"environment":"48F630A6-CB1B-4CC7-86AF-0F6627234B58|113", "server":"BN3PEPF0000427F"}}
{"logTime": "1028/193412", "correlationVector":"UN8MT8/CJ4/vzjXmzIw28e.2","action":"GetUpdates Response", "result":"SYNCER_OK"}
{"logTime": "1028/193412", "correlationVector":"jILDItgngmw3tIM6jEY3uZ","action":"Normal GetUpdate request", "result":""}
{"logTime": "1028/193413", "correlationVector":"jILDItgngmw3tIM6jEY3uZ.1","action":"SyncServerConnectionManagerRequest", "result":"SYNC_SERVER_OK", "context":{"environment":"48F630A6-CB1B-4CC7-86AF-0F6627234B58|113", "server":"BN3PEPF0000427F"}}
{"logTime": "1028/193413", "correlationVector":"jILDItgngmw3tIM6jEY3uZ.2","action":"GetUpdates Response", "result":"SYNCER_OK"}
{"logTime": "1028/193413", "correlationVector":"s7IlX6XJg1Yy7nSmPKBNDe","action":"Commit Request", "result":""}
{"logTime": "1028/193413", "correlationVector":"s7IlX6XJg1Yy7nSmPKBNDe.1","action":"SyncServerConnectionManagerRequest", "result":"SYNC_SERVER_OK", "context":{"environment":"48F630A6-CB1B-4CC7-86AF-0F6627234B58|113", "server":"BN3PEPF0000427F"}}
{"logTime": "1028/193413", "correlationVector":"s7IlX6XJg1Yy7nSmPKBNDe.2","action":"Commit Response", "result":"SYNCER_OK"}
{"logTime": "1028/193413", "correlationVector":"GFFHge2aE+z0RdSfYplkid","action":"Normal GetUpdate request", "result":""}
{"logTime": "1028/193414", "correlationVector":"GFFHge2aE+z0RdSfYplkid.1","action":"SyncServerConnectionManagerRequest", "result":"SYNC_SERVER_OK", "context":{"environment":"48F630A6-CB1B-4CC7-86AF-0F6627234B58|113", "server":"BN3PEPF0000427F"}}
{"logTime": "1028/193414", "correlationVector":"GFFHge2aE+z0RdSfYplkid.2","action":"GetUpdates Response", "result":"SYNCER_OK"}
